{"level":"info","message":"Get User id:1234567890abcdef12345678","timestamp":"2025-05-17 03:37:49 PM +0300"}
{"level":"info","message":"Get User id:1234567890abcdef12345678","timestamp":"2025-05-17 03:37:49 PM +0300"}
{"level":"info","message":"Updating a user","timestamp":"2025-05-17 03:37:49 PM +0300"}
{"level":"info","message":"Get User id:1234567890abcdef12345678","timestamp":"2025-05-17 03:37:49 PM +0300"}
{"level":"info","message":"User details update for user no:1234567890abcdef12345678 is successfully","timestamp":"2025-05-17 03:37:49 PM +0300"}
{"level":"info","message":"Updating a user","timestamp":"2025-05-17 03:37:49 PM +0300"}
{"level":"info","message":"Updating a user","timestamp":"2025-05-17 03:37:49 PM +0300"}
{"level":"info","message":"Updating a user","timestamp":"2025-05-17 03:37:49 PM +0300"}
{"level":"info","message":"User details update for user no:1234567890abcdef12345678 is successfully","timestamp":"2025-05-17 03:37:49 PM +0300"}
{"level":"info","message":"Updating a user","timestamp":"2025-05-17 03:37:49 PM +0300"}
{"level":"info","message":"Updating a user","timestamp":"2025-05-17 03:37:49 PM +0300"}
{"level":"info","message":"Costumer signup","timestamp":"2025-05-17 03:37:49 PM +0300"}
{"level":"info","message":"Worker signup","timestamp":"2025-05-17 03:37:49 PM +0300"}
{"level":"info","message":"Adding User  :Sahed is successfully","timestamp":"2025-05-17 03:37:49 PM +0300"}
{"level":"info","message":"Adding User  :WorkerName is successfully","timestamp":"2025-05-17 03:37:49 PM +0300"}
{"level":"info","message":"Costumer signup","timestamp":"2025-05-17 03:37:49 PM +0300"}
{"level":"info","message":"Worker signup","timestamp":"2025-05-17 03:37:49 PM +0300"}
{"level":"info","message":"Costumer signup","timestamp":"2025-05-17 03:37:49 PM +0300"}
{"level":"info","message":"Worker signup","timestamp":"2025-05-17 03:37:49 PM +0300"}
{"level":"info","message":"Costumer signup","timestamp":"2025-05-17 03:37:49 PM +0300"}
{"level":"info","message":"Worker signup","timestamp":"2025-05-17 03:37:49 PM +0300"}
{"level":"info","message":"Costumer signup","timestamp":"2025-05-17 03:37:49 PM +0300"}
{"level":"info","message":"Worker signup","timestamp":"2025-05-17 03:37:49 PM +0300"}
{"level":"info","message":"Get User id:1234567890abcdef12345678","timestamp":"2025-05-17 03:49:46 PM +0300"}
{"level":"info","message":"Updating a user","timestamp":"2025-05-17 03:49:46 PM +0300"}
{"level":"info","message":"Get User id:1234567890abcdef12345678","timestamp":"2025-05-17 03:49:46 PM +0300"}
{"level":"info","message":"Get User id:1234567890abcdef12345678","timestamp":"2025-05-17 03:49:46 PM +0300"}
{"level":"info","message":"User details update for user no:1234567890abcdef12345678 is successfully","timestamp":"2025-05-17 03:49:46 PM +0300"}
{"level":"info","message":"Updating a user","timestamp":"2025-05-17 03:49:46 PM +0300"}
{"level":"info","message":"Updating a user","timestamp":"2025-05-17 03:49:46 PM +0300"}
{"level":"info","message":"Updating a user","timestamp":"2025-05-17 03:49:46 PM +0300"}
{"level":"info","message":"User details update for user no:1234567890abcdef12345678 is successfully","timestamp":"2025-05-17 03:49:46 PM +0300"}
{"level":"info","message":"Updating a user","timestamp":"2025-05-17 03:49:46 PM +0300"}
{"level":"info","message":"Updating a user","timestamp":"2025-05-17 03:49:46 PM +0300"}
{"level":"info","message":"Costumer signup","timestamp":"2025-05-17 03:49:46 PM +0300"}
{"level":"info","message":"Worker signup","timestamp":"2025-05-17 03:49:46 PM +0300"}
{"level":"info","message":"Adding User  :Sahed is successfully","timestamp":"2025-05-17 03:49:46 PM +0300"}
{"level":"info","message":"Adding User  :WorkerName is successfully","timestamp":"2025-05-17 03:49:46 PM +0300"}
{"level":"info","message":"Costumer signup","timestamp":"2025-05-17 03:49:46 PM +0300"}
{"level":"info","message":"Costumer signup","timestamp":"2025-05-17 03:49:46 PM +0300"}
{"level":"info","message":"Worker signup","timestamp":"2025-05-17 03:49:46 PM +0300"}
{"level":"info","message":"Costumer signup","timestamp":"2025-05-17 03:49:46 PM +0300"}
{"level":"info","message":"Worker signup","timestamp":"2025-05-17 03:49:46 PM +0300"}
{"level":"info","message":"Costumer signup","timestamp":"2025-05-17 03:49:46 PM +0300"}
{"level":"info","message":"Worker signup","timestamp":"2025-05-17 03:49:46 PM +0300"}
{"level":"info","message":"Worker signup","timestamp":"2025-05-17 03:49:46 PM +0300"}
